0 info it worked if it ends with ok
1 verbose cli [ 'D:\\Program Files\\nodejs\\node.exe',
1 verbose cli   'D:\\Program Files\\nodejs\\node_modules\\npm\\bin\\npm-cli.js',
1 verbose cli   'start' ]
2 info using npm@3.10.8
3 info using node@v6.9.1
4 verbose run-script [ 'prestart', 'start', 'poststart' ]
5 info lifecycle vue2-webpack2-cli-vux2-multe-page@2.0.1~prestart: vue2-webpack2-cli-vux2-multe-page@2.0.1
6 silly lifecycle vue2-webpack2-cli-vux2-multe-page@2.0.1~prestart: no script for prestart, continuing
7 info lifecycle vue2-webpack2-cli-vux2-multe-page@2.0.1~start: vue2-webpack2-cli-vux2-multe-page@2.0.1
8 verbose lifecycle vue2-webpack2-cli-vux2-multe-page@2.0.1~start: unsafe-perm in lifecycle true
9 verbose lifecycle vue2-webpack2-cli-vux2-multe-page@2.0.1~start: PATH: D:\Program Files\nodejs\node_modules\npm\bin\node-gyp-bin;D:\Workspace\2017\chh\code\chh-core\node_modules\.bin;C:\ProgramData\Oracle\Java\javapath;C:\Python27\Lib\site-packages\PyQt4;C:\Python27\;C:\Python27\Scripts;C:\Python34\Lib\site-packages\PyQt5;C:\Python34\;C:\Python34\Scripts;C:\WINDOWS\system32;C:\WINDOWS;C:\WINDOWS\System32\Wbem;C:\WINDOWS\System32\WindowsPowerShell\v1.0\;C:\Program Files (x86)\NVIDIA Corporation\PhysX\Common;D:\Program Files\Java\jdk1.8.0_91\bin;D:\Program Files\Java\jdk1.8.0_91\jre\bin;D:\Software\Dev\Apache\apache-maven-3.2.3\bin;D:\Software\Dev\Apache\apache-jena-3.0.1\bat;C:\Program Files (x86)\Microsoft SQL Server\100\Tools\Binn\;C:\Program Files\Microsoft SQL Server\100\Tools\Binn\;C:\Program Files\Microsoft SQL Server\100\DTS\Binn\;C:\Program Files (x86)\Microsoft SQL Server\100\Tools\Binn\VSShell\Common7\IDE\;C:\Program Files (x86)\Microsoft Visual Studio 9.0\Common7\IDE\PrivateAssemblies\;C:\Program Files (x86)\Microsoft SQL Server\100\DTS\Binn\;C:\WINDOWS\system32;C:\WINDOWS;C:\WINDOWS\System32\Wbem;C:\WINDOWS\System32\WindowsPowerShell\v1.0\;D:\Program Files\Git\bin;C:\Program Files (x86)\MySQL\MySQL Fabric 1.5.4 & MySQL Utilities 1.5.4 1.5\;C:\Program Files (x86)\MySQL\MySQL Fabric 1.5.4 & MySQL Utilities 1.5.4 1.5\Doctrine extensions for PHP\;C:\Android\sdk\platform-tools;C:\Android\sdk\tools;D:\Software\Dev\Apache\apache-ant-1.9.6\bin;D:\Program Files\nodejs\;C:\Users\Administrator.2013-20140607SF\AppData\Local\Microsoft\WindowsApps;C:\Users\Administrator.2013-20140607SF\AppData\Roaming\npm
10 verbose lifecycle vue2-webpack2-cli-vux2-multe-page@2.0.1~start: CWD: D:\Workspace\2017\chh\code\chh-core
11 silly lifecycle vue2-webpack2-cli-vux2-multe-page@2.0.1~start: Args: [ '/d /s /c', 'node build/dev-server.js' ]
12 silly lifecycle vue2-webpack2-cli-vux2-multe-page@2.0.1~start: Returned: code: 3221225786  signal: null
13 info lifecycle vue2-webpack2-cli-vux2-multe-page@2.0.1~start: Failed to exec start script
14 verbose stack Error: vue2-webpack2-cli-vux2-multe-page@2.0.1 start: `node build/dev-server.js`
14 verbose stack Exit status 3221225786
14 verbose stack     at EventEmitter.<anonymous> (D:\Program Files\nodejs\node_modules\npm\lib\utils\lifecycle.js:255:16)
14 verbose stack     at emitTwo (events.js:106:13)
14 verbose stack     at EventEmitter.emit (events.js:191:7)
14 verbose stack     at ChildProcess.<anonymous> (D:\Program Files\nodejs\node_modules\npm\lib\utils\spawn.js:40:14)
14 verbose stack     at emitTwo (events.js:106:13)
14 verbose stack     at ChildProcess.emit (events.js:191:7)
14 verbose stack     at maybeClose (internal/child_process.js:877:16)
14 verbose stack     at Process.ChildProcess._handle.onexit (internal/child_process.js:226:5)
15 verbose pkgid vue2-webpack2-cli-vux2-multe-page@2.0.1
16 verbose cwd D:\Workspace\2017\chh\code\chh-core
17 error Windows_NT 10.0.14393
18 error argv "D:\\Program Files\\nodejs\\node.exe" "D:\\Program Files\\nodejs\\node_modules\\npm\\bin\\npm-cli.js" "start"
19 error node v6.9.1
20 error npm  v3.10.8
21 error code ELIFECYCLE
22 error vue2-webpack2-cli-vux2-multe-page@2.0.1 start: `node build/dev-server.js`
22 error Exit status 3221225786
23 error Failed at the vue2-webpack2-cli-vux2-multe-page@2.0.1 start script 'node build/dev-server.js'.
23 error Make sure you have the latest version of node.js and npm installed.
23 error If you do, this is most likely a problem with the vue2-webpack2-cli-vux2-multe-page package,
23 error not with npm itself.
23 error Tell the author that this fails on your system:
23 error     node build/dev-server.js
23 error You can get information on how to open an issue for this project with:
23 error     npm bugs vue2-webpack2-cli-vux2-multe-page
23 error Or if that isn't available, you can get their info via:
23 error     npm owner ls vue2-webpack2-cli-vux2-multe-page
23 error There is likely additional logging output above.
24 verbose exit [ 1, true ]
